  compilation object save succeeded; see C:\Users\AlaG\Desktop\LuaEngine\Lua\Debug\pixelshader.cso
  compilation object save succeeded; see C:\Users\AlaG\Desktop\LuaEngine\Lua\Debug\PS_Color.cso
  compilation object save succeeded; see C:\Users\AlaG\Desktop\LuaEngine\Lua\Debug\vertexshader.cso
  compilation object save succeeded; see C:\Users\AlaG\Desktop\LuaEngine\Lua\Debug\VS_Color.cso
  Loader.cpp
C:\Users\AlaG\Desktop\LuaEngine\Lua\Lua\Loader.cpp(30,20): warning C4018:  '<': signed/unsigned mismatch
C:\Users\AlaG\Desktop\LuaEngine\Lua\Lua\Loader.cpp(43,20): warning C4018:  '<': signed/unsigned mismatch
C:\Users\AlaG\Desktop\LuaEngine\Lua\Lua\Loader.cpp(62,78): warning C4244:  'argument': conversion from 'double' to 'float', possible loss of data
C:\Users\AlaG\Desktop\LuaEngine\Lua\Lua\Loader.cpp(62,56): warning C4244:  'argument': conversion from 'double' to 'float', possible loss of data
C:\Users\AlaG\Desktop\LuaEngine\Lua\Lua\Loader.cpp(62,34): warning C4244:  'argument': conversion from 'double' to 'float', possible loss of data
  Engine.cpp
C:\Users\AlaG\Desktop\LuaEngine\Lua\Lua\Loader.cpp(63,58): warning C4316:  'RenderbleGameObject': object allocated on the heap may not be aligned 16
  ErrorLogger.cpp
  Camera.cpp
C:\Users\AlaG\Desktop\LuaEngine\Lua\Lua\scr\Engine.cpp(24,11): warning C4244:  'initializing': conversion from 'double' to 'float', possible loss of data
C:\Users\AlaG\Desktop\LuaEngine\Lua\Lua\scr\Graphics\Camera.cpp(121,30): warning C4244:  'initializing': conversion from 'double' to 'float', possible loss of data
C:\Users\AlaG\Desktop\LuaEngine\Lua\Lua\scr\Graphics\Camera.cpp(121,24): warning C4244:  'initializing': conversion from 'double' to 'const float', possible loss of data
C:\Users\AlaG\Desktop\LuaEngine\Lua\Lua\scr\Graphics\Camera.cpp(122,15): warning C4244:  '=': conversion from 'double' to 'float', possible loss of data
  D3DBase.cpp
  GameObject.cpp
  Graphics.cpp
C:\Users\AlaG\Desktop\LuaEngine\Lua\Lua\scr\Graphics\Camera.cpp(128,13): warning C4244:  '=': conversion from 'double' to 'float', possible loss of data
C:\Users\AlaG\Desktop\LuaEngine\Lua\Lua\scr\Graphics\Graphics.cpp(9,20): warning C4018:  '<': signed/unsigned mismatch
  imgui.cpp
  imgui_demo.cpp
  imgui_draw.cpp
  imgui_impl_dx11.cpp
  imgui_impl_win32.cpp
  imgui_widgets.cpp
  Mesh.cpp
  Shaders.cpp
  InputHandler.cpp
C:\Users\AlaG\Desktop\LuaEngine\Lua\Lua\scr\Graphics\Graphics.cpp(112,55): warning C4316:  'RenderbleGameObject': object allocated on the heap may not be aligned 16
C:\Users\AlaG\Desktop\LuaEngine\Lua\Lua\scr\InputHandler.cpp(12,15): warning C4244:  'initializing': conversion from 'float' to 'int', possible loss of data
C:\Users\AlaG\Desktop\LuaEngine\Lua\Lua\scr\InputHandler.cpp(153,26): warning C4244:  '=': conversion from 'double' to 'float', possible loss of data
  KeyboardClass.cpp
  KeyboardEvent.cpp
  MouseClass.cpp
  MouseEvent.cpp
  Generating Code...
  Compiling...
  RenderWindow.cpp
  Source.cpp
  Timer.cpp
  WindowContainer.cpp
  Generating Code...
C:\Users\AlaG\Desktop\LuaEngine\Lua\Lua\scr\InputHandler.cpp(154,26): warning C4244:  '=': conversion from 'double' to 'float', possible loss of data
  Lua.vcxproj -> C:\Users\AlaG\Desktop\LuaEngine\Lua\Debug\Lua.exe
