c:\users\karlos\documents\github\luaproject\lua\x64\debug\vc142.pdb
c:\users\karlos\documents\github\luaproject\lua\x64\debug\vc142.idb
c:\users\karlos\documents\github\luaproject\lua\x64\debug\keyboardevent.obj
c:\users\karlos\documents\github\luaproject\lua\x64\debug\keyboardclass.obj
c:\users\karlos\documents\github\luaproject\lua\x64\debug\inputmanager.obj
c:\users\karlos\documents\github\luaproject\lua\x64\debug\inputhandler.obj
c:\users\karlos\documents\github\luaproject\lua\x64\debug\shaders.obj
c:\users\karlos\documents\github\luaproject\lua\x64\debug\meshmanger.obj
c:\users\karlos\documents\github\luaproject\lua\x64\debug\mesh.obj
c:\users\karlos\documents\github\luaproject\lua\x64\debug\imgui_widgets.obj
c:\users\karlos\documents\github\luaproject\lua\x64\debug\imgui_impl_win32.obj
c:\users\karlos\documents\github\luaproject\lua\x64\debug\imgui_impl_dx11.obj
c:\users\karlos\documents\github\luaproject\lua\x64\debug\imgui_draw.obj
c:\users\karlos\documents\github\luaproject\lua\x64\debug\imgui_demo.obj
c:\users\karlos\documents\github\luaproject\lua\x64\debug\imgui.obj
c:\users\karlos\documents\github\luaproject\lua\x64\debug\graphics.obj
c:\users\karlos\documents\github\luaproject\lua\x64\debug\gameobject.obj
c:\users\karlos\documents\github\luaproject\lua\x64\debug\d3dbase.obj
c:\users\karlos\documents\github\luaproject\lua\x64\debug\camera.obj
c:\users\karlos\documents\github\luaproject\lua\x64\debug\errorlogger.obj
c:\users\karlos\documents\github\luaproject\lua\x64\debug\engine.obj
c:\users\karlos\documents\github\luaproject\lua\x64\debug\loader.obj
c:\users\karlos\documents\github\luaproject\lua\x64\debug\windowcontainer.obj
c:\users\karlos\documents\github\luaproject\lua\x64\debug\timer.obj
c:\users\karlos\documents\github\luaproject\lua\x64\debug\source.obj
c:\users\karlos\documents\github\luaproject\lua\x64\debug\renderwindow.obj
c:\users\karlos\documents\github\luaproject\lua\x64\debug\mouseevent.obj
c:\users\karlos\documents\github\luaproject\lua\x64\debug\mouseclass.obj
c:\users\karlos\documents\github\luaproject\lua\x64\debug\luaengine.obj
c:\users\karlos\documents\github\luaproject\lua\x64\debug\projectilemanager.obj
c:\users\karlos\documents\github\luaproject\x64\debug\pixelshader.cso
c:\users\karlos\documents\github\luaproject\x64\debug\ps_color.cso
c:\users\karlos\documents\github\luaproject\x64\debug\vertexshader.cso
c:\users\karlos\documents\github\luaproject\x64\debug\vs_color.cso
c:\users\karlos\documents\github\luaproject\x64\debug\lua.exe
c:\users\karlos\documents\github\luaproject\x64\debug\lua.ilk
c:\users\karlos\documents\github\luaproject\x64\debug\lua.pdb
c:\users\alag\desktop\luaengine\lua\lua\x64\debug\camera.obj
c:\users\alag\desktop\luaengine\lua\lua\x64\debug\d3dbase.obj
c:\users\alag\desktop\luaengine\lua\lua\x64\debug\enemy.obj
c:\users\alag\desktop\luaengine\lua\lua\x64\debug\engine.obj
c:\users\alag\desktop\luaengine\lua\lua\x64\debug\errorlogger.obj
c:\users\alag\desktop\luaengine\lua\lua\x64\debug\gameobject.obj
c:\users\alag\desktop\luaengine\lua\lua\x64\debug\graphics.obj
c:\users\alag\desktop\luaengine\lua\lua\x64\debug\imgui.obj
c:\users\alag\desktop\luaengine\lua\lua\x64\debug\imgui_demo.obj
c:\users\alag\desktop\luaengine\lua\lua\x64\debug\imgui_draw.obj
c:\users\alag\desktop\luaengine\lua\lua\x64\debug\imgui_impl_dx11.obj
c:\users\alag\desktop\luaengine\lua\lua\x64\debug\imgui_impl_win32.obj
c:\users\alag\desktop\luaengine\lua\lua\x64\debug\imgui_widgets.obj
c:\users\alag\desktop\luaengine\lua\lua\x64\debug\inputhandler.obj
c:\users\alag\desktop\luaengine\lua\lua\x64\debug\inputmanager.obj
c:\users\alag\desktop\luaengine\lua\lua\x64\debug\keyboardclass.obj
c:\users\alag\desktop\luaengine\lua\lua\x64\debug\keyboardevent.obj
c:\users\alag\desktop\luaengine\lua\lua\x64\debug\loader.obj
c:\users\alag\desktop\luaengine\lua\lua\x64\debug\luaengine.obj
c:\users\alag\desktop\luaengine\lua\lua\x64\debug\mesh.obj
c:\users\alag\desktop\luaengine\lua\lua\x64\debug\meshmanger.obj
c:\users\alag\desktop\luaengine\lua\lua\x64\debug\mouseclass.obj
c:\users\alag\desktop\luaengine\lua\lua\x64\debug\mouseevent.obj
c:\users\alag\desktop\luaengine\lua\lua\x64\debug\renderwindow.obj
c:\users\alag\desktop\luaengine\lua\lua\x64\debug\shaders.obj
c:\users\alag\desktop\luaengine\lua\lua\x64\debug\source.obj
c:\users\alag\desktop\luaengine\lua\lua\x64\debug\timer.obj
c:\users\alag\desktop\luaengine\lua\lua\x64\debug\tower.obj
c:\users\alag\desktop\luaengine\lua\lua\x64\debug\windowcontainer.obj
c:\users\alag\desktop\luaengine\lua\lua\x64\debug\vc142.idb
c:\users\alag\desktop\luaengine\lua\lua\x64\debug\vc142.pdb
c:\users\alag\desktop\luaengine\lua\x64\debug\lua.pdb
c:\users\alag\desktop\luaengine\lua\x64\debug\lua.exe
c:\users\alag\desktop\luaengine\lua\x64\debug\lua.ilk
c:\users\alag\desktop\luaengine\lua\lua\x64\debug\lua.tlog\cl.command.1.tlog
c:\users\alag\desktop\luaengine\lua\lua\x64\debug\lua.tlog\cl.read.1.tlog
c:\users\alag\desktop\luaengine\lua\lua\x64\debug\lua.tlog\cl.write.1.tlog
c:\users\alag\desktop\luaengine\lua\lua\x64\debug\lua.tlog\fxc.command.1.tlog
c:\users\alag\desktop\luaengine\lua\lua\x64\debug\lua.tlog\fxc.read.1.tlog
c:\users\alag\desktop\luaengine\lua\lua\x64\debug\lua.tlog\fxc.write.1.tlog
c:\users\alag\desktop\luaengine\lua\lua\x64\debug\lua.tlog\link.command.1.tlog
c:\users\alag\desktop\luaengine\lua\lua\x64\debug\lua.tlog\link.read.1.tlog
c:\users\alag\desktop\luaengine\lua\lua\x64\debug\lua.tlog\link.write.1.tlog
